-------------------------------------------------------------------------------
Test set: com.anastasisgi.bankaccountjava.BankAccountTest
-------------------------------------------------------------------------------
Tests run: 2, Failures: 1, Errors: 0, Skipped: 0, Time elapsed: 0.05 s <<< FAILURE! - in com.anastasisgi.bankaccountjava.BankAccountTest
deposit_an_amount  Time elapsed: 0.027 s  <<< FAILURE!
org.opentest4j.AssertionFailedError: expected: <1000> but was: <1001>
	at com.anastasisgi.bankaccountjava.BankAccountTest.deposit_an_amount(BankAccountTest.java:18)

